{"name": "Selecting Update States", "status": "broken", "statusDetails": {"message": "selenium.common.exceptions.TimeoutException: Message: \nStacktrace:\nNoSuchElementError: An element could not be located on the page using the given search parameters.\n    at AndroidUiautomator2Driver.findElOrEls (C:\\Users\\Rogo_\\node_modules\\appium-uiautomator2-driver\\node_modules\\appium-android-driver\\lib\\commands\\find.ts:87:11)\n    at processTicksAndRejections (node:internal/process/task_queues:95:5)\n    at AndroidUiautomator2Driver.findElOrElsWithProcessing (C:\\Users\\Rogo_\\node_modules\\appium-uiautomator2-driver\\node_modules\\@appium\\base-driver\\lib\\basedriver\\commands\\find.ts:60:12)\n    at AndroidUiautomator2Driver.findElement (C:\\Users\\Rogo_\\node_modules\\appium-uiautomator2-driver\\node_modules\\@appium\\base-driver\\lib\\basedriver\\commands\\find.ts:75:12)\n", "trace": "  File \"C:\\Users\\Rogo_\\AppData\\Local\\Programs\\Python\\Python312\\Lib\\site-packages\\behave\\model.py\", line 1329, in run\n    match.run(runner.context)\n  File \"C:\\Users\\Rogo_\\AppData\\Local\\Programs\\Python\\Python312\\Lib\\site-packages\\behave\\matchers.py\", line 98, in run\n    self.func(context, *args, **kwargs)\n  File \"features\\steps\\login_steps.py\", line 6, in step_open_app\n    context.app.login_state = context.app.login_page.login_successfully()\n                              ^^^^^^^^^^^^^^^^^^^^^^^^^^^^^^^^^^^^^^^^^^^\n  File \"C:\\Users\\Rogo_\\AppiumPython\\appium-python-automation\\features\\pages\\login_page.py\", line 41, in login_successfully\n    self.click_on_element(self.updateState1)\n  File \"C:\\Users\\Rogo_\\AppiumPython\\appium-python-automation\\features\\pages\\base_page.py\", line 22, in click_on_element\n    WebDriverWait(self.driver, 10).until(\n  File \"C:\\Users\\Rogo_\\AppData\\Local\\Programs\\Python\\Python312\\Lib\\site-packages\\selenium\\webdriver\\support\\wait.py\", line 95, in until\n    raise TimeoutException(message, screen, stacktrace)\n"}, "steps": [{"name": "Given I open the application", "status": "broken", "statusDetails": {"message": "selenium.common.exceptions.TimeoutException: Message: \nStacktrace:\nNoSuchElementError: An element could not be located on the page using the given search parameters.\n    at AndroidUiautomator2Driver.findElOrEls (C:\\Users\\Rogo_\\node_modules\\appium-uiautomator2-driver\\node_modules\\appium-android-driver\\lib\\commands\\find.ts:87:11)\n    at processTicksAndRejections (node:internal/process/task_queues:95:5)\n    at AndroidUiautomator2Driver.findElOrElsWithProcessing (C:\\Users\\Rogo_\\node_modules\\appium-uiautomator2-driver\\node_modules\\@appium\\base-driver\\lib\\basedriver\\commands\\find.ts:60:12)\n    at AndroidUiautomator2Driver.findElement (C:\\Users\\Rogo_\\node_modules\\appium-uiautomator2-driver\\node_modules\\@appium\\base-driver\\lib\\basedriver\\commands\\find.ts:75:12)\n", "trace": "  File \"C:\\Users\\Rogo_\\AppData\\Local\\Programs\\Python\\Python312\\Lib\\site-packages\\behave\\model.py\", line 1329, in run\n    match.run(runner.context)\n  File \"C:\\Users\\Rogo_\\AppData\\Local\\Programs\\Python\\Python312\\Lib\\site-packages\\behave\\matchers.py\", line 98, in run\n    self.func(context, *args, **kwargs)\n  File \"features\\steps\\login_steps.py\", line 6, in step_open_app\n    context.app.login_state = context.app.login_page.login_successfully()\n                              ^^^^^^^^^^^^^^^^^^^^^^^^^^^^^^^^^^^^^^^^^^^\n  File \"C:\\Users\\Rogo_\\AppiumPython\\appium-python-automation\\features\\pages\\login_page.py\", line 41, in login_successfully\n    self.click_on_element(self.updateState1)\n  File \"C:\\Users\\Rogo_\\AppiumPython\\appium-python-automation\\features\\pages\\base_page.py\", line 22, in click_on_element\n    WebDriverWait(self.driver, 10).until(\n  File \"C:\\Users\\Rogo_\\AppData\\Local\\Programs\\Python\\Python312\\Lib\\site-packages\\selenium\\webdriver\\support\\wait.py\", line 95, in until\n    raise TimeoutException(message, screen, stacktrace)\n"}, "start": 1706803202292, "stop": 1706803264987}, {"name": "When I enter my user", "status": "skipped", "start": 1706803264988, "stop": 1706803264988}, {"name": "And scroll down", "status": "skipped", "start": 1706803264988, "stop": 1706803264988}, {"name": "And select Update 1", "status": "skipped", "start": 1706803264988, "stop": 1706803264988}, {"name": "Then select Update 2", "status": "skipped", "start": 1706803264988, "stop": 1706803264988}], "start": 1706803195840, "stop": 1706803264988, "uuid": "6ad5be62-aea5-4476-80f1-c128def58021", "historyId": "63fa536c64048b92302144a952a826c8", "fullName": "login for test APK: Selecting Update States", "labels": [{"name": "severity", "value": "normal"}, {"name": "feature", "value": "login for test APK"}, {"name": "framework", "value": "behave"}, {"name": "language", "value": "cpython3"}]}